<?xml version="1.0" encoding="UTF-8"?>
<!-- Generated by org.testng.reporters.JUnitReportReporter -->
<testsuite hostname="Mohit" name="Demo.myEx" tests="1" failures="0" timestamp="29 Oct 2020 11:39:56 GMT" time="0.001" errors="0">
  <testcase name="class2_Method1" time="0.001" classname="Demo.myEx"/>
</testsuite> <!-- Demo.myEx -->
